#
# A fatal error has been detected by the Java Runtime Environment:
#
#  EXCEPTION_ACCESS_VIOLATION (0xc0000005) at pc=0x00007ffed8eb663c, pid=14584, tid=13928
#
# JRE version: OpenJDK Runtime Environment (11.0.2+9) (build 11.0.2+9)
# Java VM: OpenJDK 64-Bit Server VM (11.0.2+9, mixed mode, tiered, compressed oops, g1 gc, windows-amd64)
# Problematic frame:
# V  [jvm.dll+0x6c663c]
#
# No core dump will be written. Minidumps are not enabled by default on client versions of Windows
#
# If you would like to submit a bug report, please visit:
#   http://bugreport.java.com/bugreport/crash.jsp
#

---------------  S U M M A R Y ------------

Command Line: -Dcom.sun.management.jmxremote -Dcom.sun.management.jmxremote.port=49920 -Dcom.sun.management.jmxremote.authenticate=false -Dcom.sun.management.jmxremote.ssl=false -Djava.rmi.server.hostname=localhost -Dspring.jmx.enabled=true -Dspring.application.admin.enabled=true -Xverify:none -XX:TieredStopAtLevel=1 -Dspring.boot.project.name=industrial -Dfile.encoding=UTF-8 br.com.viatekbrasil.industrial.IndustrialApplication --spring.output.ansi.enabled=always

Host: Intel(R) Core(TM) i5-3317U CPU @ 1.70GHz, 4 cores, 15G,  Windows 10 , 64 bit Build 19041 (10.0.19041.292)
Time: Tue Oct 20 13:39:55 2020 Hora Padrão da Bahia elapsed time: 3 seconds (0d 0h 0m 3s)

---------------  T H R E A D  ---------------

Current thread (0x000001713d8e6800):  WatcherThread [stack: 0x00000004f1100000,0x00000004f1200000] [id=13928]

Stack: [0x00000004f1100000,0x00000004f1200000],  sp=0x00000004f11ff6d0,  free space=1021k
Native frames: (J=compiled Java code, j=interpreted, Vv=VM code, C=native code)
V  [jvm.dll+0x6c663c]
V  [jvm.dll+0x711f7d]
V  [jvm.dll+0x737939]
V  [jvm.dll+0x633942]
C  [ucrtbase.dll+0x21542]
C  [KERNEL32.DLL+0x16fd4]
C  [ntdll.dll+0x4cec1]


siginfo: EXCEPTION_ACCESS_VIOLATION (0xc0000005), reading address 0x0000000000000008


Register to memory mapping:

RIP=0x00007ffed8eb663c jvm.dll
RAX=0x0 is NULL
RBX=0x0 is NULL
RCX=0x0000000800000007 is pointing into metadata
RDX=0x000000000000003c is an unknown value
RSP=0x00000004f11ff6d0 points into unknown readable memory: 00 68 8e 3d 71 01 00 00
RBP=0x0000000000000002 is an unknown value
RSI=0x000001713d85af30 points into unknown readable memory: 30 1a 85 3d 71 01 00 00
RDI=0x0 is NULL
R8 =0x0 is NULL
R9 =0x0000017121130b80 is at begin+0 in a stub
StubRoutines::atomic_cmpxchg_long [0x0000017121130b80, 0x0000017121130b89[ (9 bytes)
R10=0x00000000546c6148 is an unknown value
R11=0x00000059e015e2cf is an unknown value
R12=0x0 is NULL
R13=0x000001713d8e6800 points into unknown readable memory: c8 67 0c d9 fe 7f 00 00
R14=0x000000000000003c is an unknown value
R15=0x000001713d844ea0 points into unknown readable memory: 00 00 00 00 00 00 00 00


Registers:
RAX=0x0000000000000000, RBX=0x0000000000000000, RCX=0x0000000800000007, RDX=0x000000000000003c
RSP=0x00000004f11ff6d0, RBP=0x0000000000000002, RSI=0x000001713d85af30, RDI=0x0000000000000000
R8 =0x0000000000000000, R9 =0x0000017121130b80, R10=0x00000000546c6148, R11=0x00000059e015e2cf
R12=0x0000000000000000, R13=0x000001713d8e6800, R14=0x000000000000003c, R15=0x000001713d844ea0
RIP=0x00007ffed8eb663c, EFLAGS=0x0000000000010202

Top of Stack: (sp=0x00000004f11ff6d0)
0x00000004f11ff6d0:   000001713d8e6800 000001713d8e6800
0x00000004f11ff6e0:   00004c3ec91dd298 00007ffed8df75a9
0x00000004f11ff6f0:   00007ffed92614d8 00007ffed8f01f7d
0x00000004f11ff700:   0000000000000001 0000017118e2a2d0
0x00000004f11ff710:   0000017118e2a2d0 431bde82d7b634db
0x00000004f11ff720:   000001713d844ea0 00004c3ec91dd298
0x00000004f11ff730:   0000017118e2a2d0 00007ffed8f27939
0x00000004f11ff740:   0000000000000001 000000000000003c
0x00000004f11ff750:   0000000000000032 0000000000000002
0x00000004f11ff760:   0000000000000000 0000000000000000
0x00000004f11ff770:   00007fff65841500 000001713d851a90
0x00000004f11ff780:   0000000000000000 00000004f11ffbe8
0x00000004f11ff790:   0000000000000000 0000000000000000
0x00000004f11ff7a0:   0000000000000000 0000000000000000
0x00000004f11ff7b0:   0000000000000000 00000004f11ffaf0
0x00000004f11ff7c0:   000001713d8e6800 00007ffed8e23942 

Instructions: (pc=0x00007ffed8eb663c)
0x00007ffed8eb661c:   35 87 5d 3a 00 33 db 48 8b 06 39 18 7e 27 48 89
0x00007ffed8eb662c:   7c 24 30 8b fb 48 8b 40 18 48 8b 0c 07 48 8b 01
0x00007ffed8eb663c:   ff 50 08 48 8b 06 48 8d 7f 08 ff c3 3b 18 7c e5
0x00007ffed8eb664c:   48 8b 7c 24 30 48 8b 5c 24 38 48 83 c4 20 5e c3 


Stack slot to memory mapping:
stack at sp + 0 slots: 0x000001713d8e6800 points into unknown readable memory: c8 67 0c d9 fe 7f 00 00
stack at sp + 1 slots: 0x000001713d8e6800 points into unknown readable memory: c8 67 0c d9 fe 7f 00 00
stack at sp + 2 slots: 0x00004c3ec91dd298 is an unknown value
stack at sp + 3 slots: 0x00007ffed8df75a9 jvm.dll
stack at sp + 4 slots: 0x00007ffed92614d8 jvm.dll
stack at sp + 5 slots: 0x00007ffed8f01f7d jvm.dll
stack at sp + 6 slots: 0x0000000000000001 is an unknown value
stack at sp + 7 slots: 0x0000017118e2a2d0 points into unknown readable memory: 01 00 00 00 00 00 00 00


---------------  P R O C E S S  ---------------

Threads class SMR info:
_java_thread_list=0x000001713d8518b0, length=13, elements={
0x0000017118e2b000, 0x000001713bd87800, 0x000001713bd90800, 0x000001713c694800,
0x000001713c697000, 0x000001713c698000, 0x000001713c6ae000, 0x000001713c830800,
0x000001713c879800, 0x000001713d85e800, 0x000001713d82e000, 0x000001713d88c800,
0x000001713d8d7800
}

Java Threads: ( => current thread )
  0x0000017118e2b000 JavaThread "main" [_thread_in_Java, id=15504, stack(0x00000004efa00000,0x00000004efb00000)]
  0x000001713bd87800 JavaThread "Reference Handler" daemon [_thread_blocked, id=4172, stack(0x00000004f0100000,0x00000004f0200000)]
  0x000001713bd90800 JavaThread "Finalizer" daemon [_thread_blocked, id=9400, stack(0x00000004f0200000,0x00000004f0300000)]
  0x000001713c694800 JavaThread "Signal Dispatcher" daemon [_thread_blocked, id=17804, stack(0x00000004f0400000,0x00000004f0500000)]
  0x000001713c697000 JavaThread "Attach Listener" daemon [_thread_blocked, id=7664, stack(0x00000004f0500000,0x00000004f0600000)]
  0x000001713c698000 JavaThread "C1 CompilerThread0" daemon [_thread_in_vm, id=12524, stack(0x00000004f0600000,0x00000004f0700000)]
  0x000001713c6ae000 JavaThread "Sweeper thread" daemon [_thread_blocked, id=6260, stack(0x00000004f0700000,0x00000004f0800000)]
  0x000001713c830800 JavaThread "Common-Cleaner" daemon [_thread_blocked, id=15972, stack(0x00000004f0800000,0x00000004f0900000)]
  0x000001713c879800 JavaThread "Service Thread" daemon [_thread_blocked, id=19876, stack(0x00000004f0a00000,0x00000004f0b00000)]
  0x000001713d85e800 JavaThread "C1 CompilerThread1" daemon [_thread_blocked, id=21580, stack(0x00000004f0900000,0x00000004f0a00000)]
  0x000001713d82e000 JavaThread "RMI TCP Accept-0" daemon [_thread_in_native, id=16396, stack(0x00000004f0e00000,0x00000004f0f00000)]
  0x000001713d88c800 JavaThread "RMI TCP Accept-49920" daemon [_thread_in_native, id=12108, stack(0x00000004f0f00000,0x00000004f1000000)]
  0x000001713d8d7800 JavaThread "RMI TCP Accept-0" daemon [_thread_in_native, id=19360, stack(0x00000004f1000000,0x00000004f1100000)]

Other Threads:
  0x000001713bd82800 VMThread "VM Thread" [stack: 0x00000004f0000000,0x00000004f0100000] [id=21528]
=>0x000001713d8e6800 WatcherThread [stack: 0x00000004f1100000,0x00000004f1200000] [id=13928]
  0x0000017118e43800 GCTaskThread "GC Thread#0" [stack: 0x00000004efb00000,0x00000004efc00000] [id=3852]
  0x000001713d2ae800 GCTaskThread "GC Thread#1" [stack: 0x00000004f0b00000,0x00000004f0c00000] [id=11512]
  0x000001713d2f0800 GCTaskThread "GC Thread#2" [stack: 0x00000004f0c00000,0x00000004f0d00000] [id=11540]
  0x000001713d2f1000 GCTaskThread "GC Thread#3" [stack: 0x00000004f0d00000,0x00000004f0e00000] [id=1652]
  0x0000017118ea1800 ConcurrentGCThread "G1 Main Marker" [stack: 0x00000004efc00000,0x00000004efd00000] [id=2252]
  0x0000017118ea3800 ConcurrentGCThread "G1 Conc#0" [stack: 0x00000004efd00000,0x00000004efe00000] [id=19784]
  0x000001713bc65800 ConcurrentGCThread "G1 Refine#0" [stack: 0x00000004efe00000,0x00000004eff00000] [id=15440]
  0x000001713bc66800 ConcurrentGCThread "G1 Young RemSet Sampling" [stack: 0x00000004eff00000,0x00000004f0000000] [id=17904]

Threads with active compile tasks:
C1 CompilerThread01187       1       jdk.internal.module.SystemModuleFinders$SystemImage::reader (4 bytes)

VM state:not at safepoint (normal execution)

VM Mutex/Monitor currently owned by a thread:  ([mutex/lock_event])
[0x0000017118e2a2d0] PeriodicTask_lock - owner thread: 0x000001713d8e6800

Heap address: 0x0000000701a00000, size: 4070 MB, Compressed Oops mode: Zero based, Oop shift amount: 3
Narrow klass base: 0x0000000800000000, Narrow klass shift: 0
Compressed class space size: 1073741824 Address: 0x0000000800000000

Heap:
 garbage-first heap   total 262144K, used 26308K [0x0000000701a00000, 0x0000000800000000)
  region size 1024K, 10 young (10240K), 2 survivors (2048K)
 Metaspace       used 12920K, capacity 13356K, committed 13568K, reserved 1060864K
  class space    used 1353K, capacity 1504K, committed 1536K, reserved 1048576K
Heap Regions: E=young(eden), S=young(survivor), O=old, HS=humongous(starts), HC=humongous(continues), CS=collection set, F=free, A=archive, TAMS=top-at-mark-start (previous, next)
|   0|0x0000000701a00000, 0x0000000701b00000, 0x0000000701b00000|100%|HS|  |TAMS 0x0000000701a00000, 0x0000000701a00000| Complete 
|   1|0x0000000701b00000, 0x0000000701c00000, 0x0000000701c00000|100%| O|  |TAMS 0x0000000701b00000, 0x0000000701b00000| Untracked 
|   2|0x0000000701c00000, 0x0000000701d00000, 0x0000000701d00000|100%| O|  |TAMS 0x0000000701c00000, 0x0000000701c00000| Untracked 
|   3|0x0000000701d00000, 0x0000000701e00000, 0x0000000701e00000|100%| O|  |TAMS 0x0000000701d00000, 0x0000000701d00000| Untracked 
|   4|0x0000000701e00000, 0x0000000701f00000, 0x0000000701f00000|100%| O|  |TAMS 0x0000000701e00000, 0x0000000701e00000| Untracked 
|   5|0x0000000701f00000, 0x0000000702000000, 0x0000000702000000|100%| O|  |TAMS 0x0000000701f00000, 0x0000000701f00000| Untracked 
|   6|0x0000000702000000, 0x0000000702100000, 0x0000000702100000|100%| O|  |TAMS 0x0000000702000000, 0x0000000702000000| Untracked 
|   7|0x0000000702100000, 0x0000000702200000, 0x0000000702200000|100%| O|  |TAMS 0x0000000702100000, 0x0000000702100000| Untracked 
|   8|0x0000000702200000, 0x0000000702300000, 0x0000000702300000|100%| O|  |TAMS 0x0000000702200000, 0x0000000702200000| Untracked 
|   9|0x0000000702300000, 0x0000000702400000, 0x0000000702400000|100%| O|  |TAMS 0x0000000702300000, 0x0000000702300000| Untracked 
|  10|0x0000000702400000, 0x0000000702500000, 0x0000000702500000|100%| O|  |TAMS 0x0000000702400000, 0x0000000702400000| Untracked 
|  11|0x0000000702500000, 0x0000000702600000, 0x0000000702600000|100%| O|  |TAMS 0x0000000702500000, 0x0000000702500000| Untracked 
|  12|0x0000000702600000, 0x0000000702700000, 0x0000000702700000|100%| O|  |TAMS 0x0000000702600000, 0x0000000702600000| Untracked 
|  13|0x0000000702700000, 0x0000000702800000, 0x0000000702800000|100%| O|  |TAMS 0x0000000702700000, 0x0000000702700000| Untracked 
|  14|0x0000000702800000, 0x0000000702900000, 0x0000000702900000|100%| O|  |TAMS 0x0000000702800000, 0x0000000702800000| Untracked 
|  15|0x0000000702900000, 0x0000000702a00000, 0x0000000702a00000|100%| O|  |TAMS 0x0000000702900000, 0x0000000702900000| Untracked 
|  16|0x0000000702a00000, 0x0000000702ab1200, 0x0000000702b00000| 69%| O|  |TAMS 0x0000000702a00000, 0x0000000702a00000| Untracked 
|  17|0x0000000702b00000, 0x0000000702b00000, 0x0000000702c00000|  0%| F|  |TAMS 0x0000000702b00000, 0x0000000702b00000| Untracked 
|  18|0x0000000702c00000, 0x0000000702c00000, 0x0000000702d00000|  0%| F|  |TAMS 0x0000000702c00000, 0x0000000702c00000| Untracked 
|  19|0x0000000702d00000, 0x0000000702d00000, 0x0000000702e00000|  0%| F|  |TAMS 0x0000000702d00000, 0x0000000702d00000| Untracked 
|  20|0x0000000702e00000, 0x0000000702e00000, 0x0000000702f00000|  0%| F|  |TAMS 0x0000000702e00000, 0x0000000702e00000| Untracked 
|  21|0x0000000702f00000, 0x0000000702f00000, 0x0000000703000000|  0%| F|  |TAMS 0x0000000702f00000, 0x0000000702f00000| Untracked 
|  22|0x0000000703000000, 0x0000000703000000, 0x0000000703100000|  0%| F|  |TAMS 0x0000000703000000, 0x0000000703000000| Untracked 
|  23|0x0000000703100000, 0x0000000703100000, 0x0000000703200000|  0%| F|  |TAMS 0x0000000703100000, 0x0000000703100000| Untracked 
|  24|0x0000000703200000, 0x0000000703200000, 0x0000000703300000|  0%| F|  |TAMS 0x0000000703200000, 0x0000000703200000| Untracked 
|  25|0x0000000703300000, 0x0000000703300000, 0x0000000703400000|  0%| F|  |TAMS 0x0000000703300000, 0x0000000703300000| Untracked 
|  26|0x0000000703400000, 0x0000000703400000, 0x0000000703500000|  0%| F|  |TAMS 0x0000000703400000, 0x0000000703400000| Untracked 
|  27|0x0000000703500000, 0x0000000703500000, 0x0000000703600000|  0%| F|  |TAMS 0x0000000703500000, 0x0000000703500000| Untracked 
|  28|0x0000000703600000, 0x0000000703600000, 0x0000000703700000|  0%| F|  |TAMS 0x0000000703600000, 0x0000000703600000| Untracked 
|  29|0x0000000703700000, 0x0000000703700000, 0x0000000703800000|  0%| F|  |TAMS 0x0000000703700000, 0x0000000703700000| Untracked 
|  30|0x0000000703800000, 0x0000000703800000, 0x0000000703900000|  0%| F|  |TAMS 0x0000000703800000, 0x0000000703800000| Untracked 
|  31|0x0000000703900000, 0x0000000703900000, 0x0000000703a00000|  0%| F|  |TAMS 0x0000000703900000, 0x0000000703900000| Untracked 
|  32|0x0000000703a00000, 0x0000000703a00000, 0x0000000703b00000|  0%| F|  |TAMS 0x0000000703a00000, 0x0000000703a00000| Untracked 
|  33|0x0000000703b00000, 0x0000000703b00000, 0x0000000703c00000|  0%| F|  |TAMS 0x0000000703b00000, 0x0000000703b00000| Untracked 
|  34|0x0000000703c00000, 0x0000000703c00000, 0x0000000703d00000|  0%| F|  |TAMS 0x0000000703c00000, 0x0000000703c00000| Untracked 
|  35|0x0000000703d00000, 0x0000000703d00000, 0x0000000703e00000|  0%| F|  |TAMS 0x0000000703d00000, 0x0000000703d00000| Untracked 
|  36|0x0000000703e00000, 0x0000000703e00000, 0x0000000703f00000|  0%| F|  |TAMS 0x0000000703e00000, 0x0000000703e00000| Untracked 
|  37|0x0000000703f00000, 0x0000000703f00000, 0x0000000704000000|  0%| F|  |TAMS 0x0000000703f00000, 0x0000000703f00000| Untracked 
|  38|0x0000000704000000, 0x0000000704000000, 0x0000000704100000|  0%| F|  |TAMS 0x0000000704000000, 0x0000000704000000| Untracked 
|  39|0x0000000704100000, 0x0000000704100000, 0x0000000704200000|  0%| F|  |TAMS 0x0000000704100000, 0x0000000704100000| Untracked 
|  40|0x0000000704200000, 0x0000000704200000, 0x0000000704300000|  0%| F|  |TAMS 0x0000000704200000, 0x0000000704200000| Untracked 
|  41|0x0000000704300000, 0x0000000704300000, 0x0000000704400000|  0%| F|  |TAMS 0x0000000704300000, 0x0000000704300000| Untracked 
|  42|0x0000000704400000, 0x0000000704400000, 0x0000000704500000|  0%| F|  |TAMS 0x0000000704400000, 0x0000000704400000| Untracked 
|  43|0x0000000704500000, 0x0000000704500000, 0x0000000704600000|  0%| F|  |TAMS 0x0000000704500000, 0x0000000704500000| Untracked 
|  44|0x0000000704600000, 0x0000000704600000, 0x0000000704700000|  0%| F|  |TAMS 0x0000000704600000, 0x0000000704600000| Untracked 
|  45|0x0000000704700000, 0x0000000704700000, 0x0000000704800000|  0%| F|  |TAMS 0x0000000704700000, 0x0000000704700000| Untracked 
|  46|0x0000000704800000, 0x0000000704800000, 0x0000000704900000|  0%| F|  |TAMS 0x0000000704800000, 0x0000000704800000| Untracked 
|  47|0x0000000704900000, 0x0000000704900000, 0x0000000704a00000|  0%| F|  |TAMS 0x0000000704900000, 0x0000000704900000| Untracked 
|  48|0x0000000704a00000, 0x0000000704a00000, 0x0000000704b00000|  0%| F|  |TAMS 0x0000000704a00000, 0x0000000704a00000| Untracked 
|  49|0x0000000704b00000, 0x0000000704b00000, 0x0000000704c00000|  0%| F|  |TAMS 0x0000000704b00000, 0x0000000704b00000| Untracked 
|  50|0x0000000704c00000, 0x0000000704c00000, 0x0000000704d00000|  0%| F|  |TAMS 0x0000000704c00000, 0x0000000704c00000| Untracked 
|  51|0x0000000704d00000, 0x0000000704d00000, 0x0000000704e00000|  0%| F|  |TAMS 0x0000000704d00000, 0x0000000704d00000| Untracked 
|  52|0x0000000704e00000, 0x0000000704e00000, 0x0000000704f00000|  0%| F|  |TAMS 0x0000000704e00000, 0x0000000704e00000| Untracked 
|  53|0x0000000704f00000, 0x0000000704f00000, 0x0000000705000000|  0%| F|  |TAMS 0x0000000704f00000, 0x0000000704f00000| Untracked 
|  54|0x0000000705000000, 0x0000000705000000, 0x0000000705100000|  0%| F|  |TAMS 0x0000000705000000, 0x0000000705000000| Untracked 
|  55|0x0000000705100000, 0x0000000705100000, 0x0000000705200000|  0%| F|  |TAMS 0x0000000705100000, 0x0000000705100000| Untracked 
|  56|0x0000000705200000, 0x0000000705200000, 0x0000000705300000|  0%| F|  |TAMS 0x0000000705200000, 0x0000000705200000| Untracked 
|  57|0x0000000705300000, 0x0000000705300000, 0x0000000705400000|  0%| F|  |TAMS 0x0000000705300000, 0x0000000705300000| Untracked 
|  58|0x0000000705400000, 0x0000000705400000, 0x0000000705500000|  0%| F|  |TAMS 0x0000000705400000, 0x0000000705400000| Untracked 
|  59|0x0000000705500000, 0x0000000705500000, 0x0000000705600000|  0%| F|  |TAMS 0x0000000705500000, 0x0000000705500000| Untracked 
|  60|0x0000000705600000, 0x0000000705600000, 0x0000000705700000|  0%| F|  |TAMS 0x0000000705600000, 0x0000000705600000| Untracked 
|  61|0x0000000705700000, 0x0000000705700000, 0x0000000705800000|  0%| F|  |TAMS 0x0000000705700000, 0x0000000705700000| Untracked 
|  62|0x0000000705800000, 0x0000000705800000, 0x0000000705900000|  0%| F|  |TAMS 0x0000000705800000, 0x0000000705800000| Untracked 
|  63|0x0000000705900000, 0x0000000705900000, 0x0000000705a00000|  0%| F|  |TAMS 0x0000000705900000, 0x0000000705900000| Untracked 
|  64|0x0000000705a00000, 0x0000000705a00000, 0x0000000705b00000|  0%| F|  |TAMS 0x0000000705a00000, 0x0000000705a00000| Untracked 
|  65|0x0000000705b00000, 0x0000000705b00000, 0x0000000705c00000|  0%| F|  |TAMS 0x0000000705b00000, 0x0000000705b00000| Untracked 
|  66|0x0000000705c00000, 0x0000000705c00000, 0x0000000705d00000|  0%| F|  |TAMS 0x0000000705c00000, 0x0000000705c00000| Untracked 
|  67|0x0000000705d00000, 0x0000000705d00000, 0x0000000705e00000|  0%| F|  |TAMS 0x0000000705d00000, 0x0000000705d00000| Untracked 
|  68|0x0000000705e00000, 0x0000000705e00000, 0x0000000705f00000|  0%| F|  |TAMS 0x0000000705e00000, 0x0000000705e00000| Untracked 
|  69|0x0000000705f00000, 0x0000000705f00000, 0x0000000706000000|  0%| F|  |TAMS 0x0000000705f00000, 0x0000000705f00000| Untracked 
|  70|0x0000000706000000, 0x0000000706000000, 0x0000000706100000|  0%| F|  |TAMS 0x0000000706000000, 0x0000000706000000| Untracked 
|  71|0x0000000706100000, 0x0000000706100000, 0x0000000706200000|  0%| F|  |TAMS 0x0000000706100000, 0x0000000706100000| Untracked 
|  72|0x0000000706200000, 0x0000000706200000, 0x0000000706300000|  0%| F|  |TAMS 0x0000000706200000, 0x0000000706200000| Untracked 
|  73|0x0000000706300000, 0x0000000706300000, 0x0000000706400000|  0%| F|  |TAMS 0x0000000706300000, 0x0000000706300000| Untracked 
|  74|0x0000000706400000, 0x0000000706400000, 0x0000000706500000|  0%| F|  |TAMS 0x0000000706400000, 0x0000000706400000| Untracked 
|  75|0x0000000706500000, 0x0000000706500000, 0x0000000706600000|  0%| F|  |TAMS 0x0000000706500000, 0x0000000706500000| Untracked 
|  76|0x0000000706600000, 0x0000000706600000, 0x0000000706700000|  0%| F|  |TAMS 0x0000000706600000, 0x0000000706600000| Untracked 
|  77|0x0000000706700000, 0x0000000706700000, 0x0000000706800000|  0%| F|  |TAMS 0x0000000706700000, 0x0000000706700000| Untracked 
|  78|0x0000000706800000, 0x0000000706800000, 0x0000000706900000|  0%| F|  |TAMS 0x0000000706800000, 0x0000000706800000| Untracked 
|  79|0x0000000706900000, 0x0000000706900000, 0x0000000706a00000|  0%| F|  |TAMS 0x0000000706900000, 0x0000000706900000| Untracked 
|  80|0x0000000706a00000, 0x0000000706a00000, 0x0000000706b00000|  0%| F|  |TAMS 0x0000000706a00000, 0x0000000706a00000| Untracked 
|  81|0x0000000706b00000, 0x0000000706b00000, 0x0000000706c00000|  0%| F|  |TAMS 0x0000000706b00000, 0x0000000706b00000| Untracked 
|  82|0x0000000706c00000, 0x0000000706c00000, 0x0000000706d00000|  0%| F|  |TAMS 0x0000000706c00000, 0x0000000706c00000| Untracked 
|  83|0x0000000706d00000, 0x0000000706d00000, 0x0000000706e00000|  0%| F|  |TAMS 0x0000000706d00000, 0x0000000706d00000| Untracked 
|  84|0x0000000706e00000, 0x0000000706e00000, 0x0000000706f00000|  0%| F|  |TAMS 0x0000000706e00000, 0x0000000706e00000| Untracked 
|  85|0x0000000706f00000, 0x0000000706f00000, 0x0000000707000000|  0%| F|  |TAMS 0x0000000706f00000, 0x0000000706f00000| Untracked 
|  86|0x0000000707000000, 0x0000000707000000, 0x0000000707100000|  0%| F|  |TAMS 0x0000000707000000, 0x0000000707000000| Untracked 
|  87|0x0000000707100000, 0x0000000707100000, 0x0000000707200000|  0%| F|  |TAMS 0x0000000707100000, 0x0000000707100000| Untracked 
|  88|0x0000000707200000, 0x0000000707200000, 0x0000000707300000|  0%| F|  |TAMS 0x0000000707200000, 0x0000000707200000| Untracked 
|  89|0x0000000707300000, 0x0000000707300000, 0x0000000707400000|  0%| F|  |TAMS 0x0000000707300000, 0x0000000707300000| Untracked 
|  90|0x0000000707400000, 0x0000000707400000, 0x0000000707500000|  0%| F|  |TAMS 0x0000000707400000, 0x0000000707400000| Untracked 
|  91|0x0000000707500000, 0x0000000707500000, 0x0000000707600000|  0%| F|  |TAMS 0x0000000707500000, 0x0000000707500000| Untracked 
|  92|0x0000000707600000, 0x0000000707600000, 0x0000000707700000|  0%| F|  |TAMS 0x0000000707600000, 0x0000000707600000| Untracked 
|  93|0x0000000707700000, 0x0000000707700000, 0x0000000707800000|  0%| F|  |TAMS 0x0000000707700000, 0x0000000707700000| Untracked 
|  94|0x0000000707800000, 0x0000000707800000, 0x0000000707900000|  0%| F|  |TAMS 0x0000000707800000, 0x0000000707800000| Untracked 
|  95|0x0000000707900000, 0x0000000707900000, 0x0000000707a00000|  0%| F|  |TAMS 0x0000000707900000, 0x0000000707900000| Untracked 
|  96|0x0000000707a00000, 0x0000000707a00000, 0x0000000707b00000|  0%| F|  |TAMS 0x0000000707a00000, 0x0000000707a00000| Untracked 
|  97|0x0000000707b00000, 0x0000000707b00000, 0x0000000707c00000|  0%| F|  |TAMS 0x0000000707b00000, 0x0000000707b00000| Untracked 
|  98|0x0000000707c00000, 0x0000000707c00000, 0x0000000707d00000|  0%| F|  |TAMS 0x0000000707c00000, 0x0000000707c00000| Untracked 
|  99|0x0000000707d00000, 0x0000000707d00000, 0x0000000707e00000|  0%| F|  |TAMS 0x0000000707d00000, 0x0000000707d00000| Untracked 
| 100|0x0000000707e00000, 0x0000000707e00000, 0x0000000707f00000|  0%| F|  |TAMS 0x0000000707e00000, 0x0000000707e00000| Untracked 
| 101|0x0000000707f00000, 0x0000000707f00000, 0x0000000708000000|  0%| F|  |TAMS 0x0000000707f00000, 0x0000000707f00000| Untracked 
| 102|0x0000000708000000, 0x0000000708000000, 0x0000000708100000|  0%| F|  |TAMS 0x0000000708000000, 0x0000000708000000| Untracked 
| 103|0x0000000708100000, 0x0000000708100000, 0x0000000708200000|  0%| F|  |TAMS 0x0000000708100000, 0x0000000708100000| Untracked 
| 104|0x0000000708200000, 0x0000000708200000, 0x0000000708300000|  0%| F|  |TAMS 0x0000000708200000, 0x0000000708200000| Untracked 
| 105|0x0000000708300000, 0x0000000708300000, 0x0000000708400000|  0%| F|  |TAMS 0x0000000708300000, 0x0000000708300000| Untracked 
| 106|0x0000000708400000, 0x0000000708400000, 0x0000000708500000|  0%| F|  |TAMS 0x0000000708400000, 0x0000000708400000| Untracked 
| 107|0x0000000708500000, 0x0000000708500000, 0x0000000708600000|  0%| F|  |TAMS 0x0000000708500000, 0x0000000708500000| Untracked 
| 108|0x0000000708600000, 0x0000000708600000, 0x0000000708700000|  0%| F|  |TAMS 0x0000000708600000, 0x0000000708600000| Untracked 
| 109|0x0000000708700000, 0x0000000708700000, 0x0000000708800000|  0%| F|  |TAMS 0x0000000708700000, 0x0000000708700000| Untracked 
| 110|0x0000000708800000, 0x0000000708800000, 0x0000000708900000|  0%| F|  |TAMS 0x0000000708800000, 0x0000000708800000| Untracked 
| 111|0x0000000708900000, 0x0000000708900000, 0x0000000708a00000|  0%| F|  |TAMS 0x0000000708900000, 0x0000000708900000| Untracked 
| 112|0x0000000708a00000, 0x0000000708a00000, 0x0000000708b00000|  0%| F|  |TAMS 0x0000000708a00000, 0x0000000708a00000| Untracked 
| 113|0x0000000708b00000, 0x0000000708b00000, 0x0000000708c00000|  0%| F|  |TAMS 0x0000000708b00000, 0x0000000708b00000| Untracked 
| 114|0x0000000708c00000, 0x0000000708c00000, 0x0000000708d00000|  0%| F|  |TAMS 0x0000000708c00000, 0x0000000708c00000| Untracked 
| 115|0x0000000708d00000, 0x0000000708d00000, 0x0000000708e00000|  0%| F|  |TAMS 0x0000000708d00000, 0x0000000708d00000| Untracked 
| 116|0x0000000708e00000, 0x0000000708e00000, 0x0000000708f00000|  0%| F|  |TAMS 0x0000000708e00000, 0x0000000708e00000| Untracked 
| 117|0x0000000708f00000, 0x0000000708f00000, 0x0000000709000000|  0%| F|  |TAMS 0x0000000708f00000, 0x0000000708f00000| Untracked 
| 118|0x0000000709000000, 0x0000000709000000, 0x0000000709100000|  0%| F|  |TAMS 0x0000000709000000, 0x0000000709000000| Untracked 
| 119|0x0000000709100000, 0x0000000709100000, 0x0000000709200000|  0%| F|  |TAMS 0x0000000709100000, 0x0000000709100000| Untracked 
| 120|0x0000000709200000, 0x0000000709200000, 0x0000000709300000|  0%| F|  |TAMS 0x0000000709200000, 0x0000000709200000| Untracked 
| 121|0x0000000709300000, 0x0000000709300000, 0x0000000709400000|  0%| F|  |TAMS 0x0000000709300000, 0x0000000709300000| Untracked 
| 122|0x0000000709400000, 0x0000000709400000, 0x0000000709500000|  0%| F|  |TAMS 0x0000000709400000, 0x0000000709400000| Untracked 
| 123|0x0000000709500000, 0x0000000709500000, 0x0000000709600000|  0%| F|  |TAMS 0x0000000709500000, 0x0000000709500000| Untracked 
| 124|0x0000000709600000, 0x0000000709600000, 0x0000000709700000|  0%| F|  |TAMS 0x0000000709600000, 0x0000000709600000| Untracked 
| 125|0x0000000709700000, 0x0000000709700000, 0x0000000709800000|  0%| F|  |TAMS 0x0000000709700000, 0x0000000709700000| Untracked 
| 126|0x0000000709800000, 0x0000000709800000, 0x0000000709900000|  0%| F|  |TAMS 0x0000000709800000, 0x0000000709800000| Untracked 
| 127|0x0000000709900000, 0x0000000709900000, 0x0000000709a00000|  0%| F|  |TAMS 0x0000000709900000, 0x0000000709900000| Untracked 
| 128|0x0000000709a00000, 0x0000000709a00000, 0x0000000709b00000|  0%| F|  |TAMS 0x0000000709a00000, 0x0000000709a00000| Untracked 
| 129|0x0000000709b00000, 0x0000000709b00000, 0x0000000709c00000|  0%| F|  |TAMS 0x0000000709b00000, 0x0000000709b00000| Untracked 
| 130|0x0000000709c00000, 0x0000000709c00000, 0x0000000709d00000|  0%| F|  |TAMS 0x0000000709c00000, 0x0000000709c00000| Untracked 
| 131|0x0000000709d00000, 0x0000000709d00000, 0x0000000709e00000|  0%| F|  |TAMS 0x0000000709d00000, 0x0000000709d00000| Untracked 
| 132|0x0000000709e00000, 0x0000000709e00000, 0x0000000709f00000|  0%| F|  |TAMS 0x0000000709e00000, 0x0000000709e00000| Untracked 
| 133|0x0000000709f00000, 0x0000000709f00000, 0x000000070a000000|  0%| F|  |TAMS 0x0000000709f00000, 0x0000000709f00000| Untracked 
| 134|0x000000070a000000, 0x000000070a000000, 0x000000070a100000|  0%| F|  |TAMS 0x000000070a000000, 0x000000070a000000| Untracked 
| 135|0x000000070a100000, 0x000000070a100000, 0x000000070a200000|  0%| F|  |TAMS 0x000000070a100000, 0x000000070a100000| Untracked 
| 136|0x000000070a200000, 0x000000070a200000, 0x000000070a300000|  0%| F|  |TAMS 0x000000070a200000, 0x000000070a200000| Untracked 
| 137|0x000000070a300000, 0x000000070a300000, 0x000000070a400000|  0%| F|  |TAMS 0x000000070a300000, 0x000000070a300000| Untracked 
| 138|0x000000070a400000, 0x000000070a400000, 0x000000070a500000|  0%| F|  |TAMS 0x000000070a400000, 0x000000070a400000| Untracked 
| 139|0x000000070a500000, 0x000000070a500000, 0x000000070a600000|  0%| F|  |TAMS 0x000000070a500000, 0x000000070a500000| Untracked 
| 140|0x000000070a600000, 0x000000070a600000, 0x000000070a700000|  0%| F|  |TAMS 0x000000070a600000, 0x000000070a600000| Untracked 
| 141|0x000000070a700000, 0x000000070a700000, 0x000000070a800000|  0%| F|  |TAMS 0x000000070a700000, 0x000000070a700000| Untracked 
| 142|0x000000070a800000, 0x000000070a800000, 0x000000070a900000|  0%| F|  |TAMS 0x000000070a800000, 0x000000070a800000| Untracked 
| 143|0x000000070a900000, 0x000000070a900000, 0x000000070aa00000|  0%| F|  |TAMS 0x000000070a900000, 0x000000070a900000| Untracked 
| 144|0x000000070aa00000, 0x000000070aa00000, 0x000000070ab00000|  0%| F|  |TAMS 0x000000070aa00000, 0x000000070aa00000| Untracked 
| 145|0x000000070ab00000, 0x000000070ab00000, 0x000000070ac00000|  0%| F|  |TAMS 0x000000070ab00000, 0x000000070ab00000| Untracked 
| 146|0x000000070ac00000, 0x000000070ac00000, 0x000000070ad00000|  0%| F|  |TAMS 0x000000070ac00000, 0x000000070ac00000| Untracked 
| 147|0x000000070ad00000, 0x000000070ad00000, 0x000000070ae00000|  0%| F|  |TAMS 0x000000070ad00000, 0x000000070ad00000| Untracked 
| 148|0x000000070ae00000, 0x000000070ae00000, 0x000000070af00000|  0%| F|  |TAMS 0x000000070ae00000, 0x000000070ae00000| Untracked 
| 149|0x000000070af00000, 0x000000070af00000, 0x000000070b000000|  0%| F|  |TAMS 0x000000070af00000, 0x000000070af00000| Untracked 
| 150|0x000000070b000000, 0x000000070b000000, 0x000000070b100000|  0%| F|  |TAMS 0x000000070b000000, 0x000000070b000000| Untracked 
| 151|0x000000070b100000, 0x000000070b100000, 0x000000070b200000|  0%| F|  |TAMS 0x000000070b100000, 0x000000070b100000| Untracked 
| 152|0x000000070b200000, 0x000000070b200000, 0x000000070b300000|  0%| F|  |TAMS 0x000000070b200000, 0x000000070b200000| Untracked 
| 153|0x000000070b300000, 0x000000070b300000, 0x000000070b400000|  0%| F|  |TAMS 0x000000070b300000, 0x000000070b300000| Untracked 
| 154|0x000000070b400000, 0x000000070b400000, 0x000000070b500000|  0%| F|  |TAMS 0x000000070b400000, 0x000000070b400000| Untracked 
| 155|0x000000070b500000, 0x000000070b500000, 0x000000070b600000|  0%| F|  |TAMS 0x000000070b500000, 0x000000070b500000| Untracked 
| 156|0x000000070b600000, 0x000000070b600000, 0x000000070b700000|  0%| F|  |TAMS 0x000000070b600000, 0x000000070b600000| Untracked 
| 157|0x000000070b700000, 0x000000070b700000, 0x000000070b800000|  0%| F|  |TAMS 0x000000070b700000, 0x000000070b700000| Untracked 
| 158|0x000000070b800000, 0x000000070b800000, 0x000000070b900000|  0%| F|  |TAMS 0x000000070b800000, 0x000000070b800000| Untracked 
| 159|0x000000070b900000, 0x000000070b900000, 0x000000070ba00000|  0%| F|  |TAMS 0x000000070b900000, 0x000000070b900000| Untracked 
| 160|0x000000070ba00000, 0x000000070ba00000, 0x000000070bb00000|  0%| F|  |TAMS 0x000000070ba00000, 0x000000070ba00000| Untracked 
| 161|0x000000070bb00000, 0x000000070bb00000, 0x000000070bc00000|  0%| F|  |TAMS 0x000000070bb00000, 0x000000070bb00000| Untracked 
| 162|0x000000070bc00000, 0x000000070bc00000, 0x000000070bd00000|  0%| F|  |TAMS 0x000000070bc00000, 0x000000070bc00000| Untracked 
| 163|0x000000070bd00000, 0x000000070bd00000, 0x000000070be00000|  0%| F|  |TAMS 0x000000070bd00000, 0x000000070bd00000| Untracked 
| 164|0x000000070be00000, 0x000000070be00000, 0x000000070bf00000|  0%| F|  |TAMS 0x000000070be00000, 0x000000070be00000| Untracked 
| 165|0x000000070bf00000, 0x000000070bf00000, 0x000000070c000000|  0%| F|  |TAMS 0x000000070bf00000, 0x000000070bf00000| Untracked 
| 166|0x000000070c000000, 0x000000070c000000, 0x000000070c100000|  0%| F|  |TAMS 0x000000070c000000, 0x000000070c000000| Untracked 
| 167|0x000000070c100000, 0x000000070c100000, 0x000000070c200000|  0%| F|  |TAMS 0x000000070c100000, 0x000000070c100000| Untracked 
| 168|0x000000070c200000, 0x000000070c200000, 0x000000070c300000|  0%| F|  |TAMS 0x000000070c200000, 0x000000070c200000| Untracked 
| 169|0x000000070c300000, 0x000000070c300000, 0x000000070c400000|  0%| F|  |TAMS 0x000000070c300000, 0x000000070c300000| Untracked 
| 170|0x000000070c400000, 0x000000070c400000, 0x000000070c500000|  0%| F|  |TAMS 0x000000070c400000, 0x000000070c400000| Untracked 
| 171|0x000000070c500000, 0x000000070c500000, 0x000000070c600000|  0%| F|  |TAMS 0x000000070c500000, 0x000000070c500000| Untracked 
| 172|0x000000070c600000, 0x000000070c600000, 0x000000070c700000|  0%| F|  |TAMS 0x000000070c600000, 0x000000070c600000| Untracked 
| 173|0x000000070c700000, 0x000000070c700000, 0x000000070c800000|  0%| F|  |TAMS 0x000000070c700000, 0x000000070c700000| Untracked 
| 174|0x000000070c800000, 0x000000070c800000, 0x000000070c900000|  0%| F|  |TAMS 0x000000070c800000, 0x000000070c800000| Untracked 
| 175|0x000000070c900000, 0x000000070c900000, 0x000000070ca00000|  0%| F|  |TAMS 0x000000070c900000, 0x000000070c900000| Untracked 
| 176|0x000000070ca00000, 0x000000070ca00000, 0x000000070cb00000|  0%| F|  |TAMS 0x000000070ca00000, 0x000000070ca00000| Untracked 
| 177|0x000000070cb00000, 0x000000070cb00000, 0x000000070cc00000|  0%| F|  |TAMS 0x000000070cb00000, 0x000000070cb00000| Untracked 
| 178|0x000000070cc00000, 0x000000070cc00000, 0x000000070cd00000|  0%| F|  |TAMS 0x000000070cc00000, 0x000000070cc00000| Untracked 
| 179|0x000000070cd00000, 0x000000070cd00000, 0x000000070ce00000|  0%| F|  |TAMS 0x000000070cd00000, 0x000000070cd00000| Untracked 
| 180|0x000000070ce00000, 0x000000070ce00000, 0x000000070cf00000|  0%| F|  |TAMS 0x000000070ce00000, 0x000000070ce00000| Untracked 
| 181|0x000000070cf00000, 0x000000070cf00000, 0x000000070d000000|  0%| F|  |TAMS 0x000000070cf00000, 0x000000070cf00000| Untracked 
| 182|0x000000070d000000, 0x000000070d000000, 0x000000070d100000|  0%| F|  |TAMS 0x000000070d000000, 0x000000070d000000| Untracked 
| 183|0x000000070d100000, 0x000000070d100000, 0x000000070d200000|  0%| F|  |TAMS 0x000000070d100000, 0x000000070d100000| Untracked 
| 184|0x000000070d200000, 0x000000070d200000, 0x000000070d300000|  0%| F|  |TAMS 0x000000070d200000, 0x000000070d200000| Untracked 
| 185|0x000000070d300000, 0x000000070d300000, 0x000000070d400000|  0%| F|  |TAMS 0x000000070d300000, 0x000000070d300000| Untracked 
| 186|0x000000070d400000, 0x000000070d400000, 0x000000070d500000|  0%| F|  |TAMS 0x000000070d400000, 0x000000070d400000| Untracked 
| 187|0x000000070d500000, 0x000000070d500000, 0x000000070d600000|  0%| F|  |TAMS 0x000000070d500000, 0x000000070d500000| Untracked 
| 188|0x000000070d600000, 0x000000070d600000, 0x000000070d700000|  0%| F|  |TAMS 0x000000070d600000, 0x000000070d600000| Untracked 
| 189|0x000000070d700000, 0x000000070d700000, 0x000000070d800000|  0%| F|  |TAMS 0x000000070d700000, 0x000000070d700000| Untracked 
| 190|0x000000070d800000, 0x000000070d800000, 0x000000070d900000|  0%| F|  |TAMS 0x000000070d800000, 0x000000070d800000| Untracked 
| 191|0x000000070d900000, 0x000000070d900000, 0x000000070da00000|  0%| F|  |TAMS 0x000000070d900000, 0x000000070d900000| Untracked 
| 192|0x000000070da00000, 0x000000070da00000, 0x000000070db00000|  0%| F|  |TAMS 0x000000070da00000, 0x000000070da00000| Untracked 
| 193|0x000000070db00000, 0x000000070db00000, 0x000000070dc00000|  0%| F|  |TAMS 0x000000070db00000, 0x000000070db00000| Untracked 
| 194|0x000000070dc00000, 0x000000070dc00000, 0x000000070dd00000|  0%| F|  |TAMS 0x000000070dc00000, 0x000000070dc00000| Untracked 
| 195|0x000000070dd00000, 0x000000070dd00000, 0x000000070de00000|  0%| F|  |TAMS 0x000000070dd00000, 0x000000070dd00000| Untracked 
| 196|0x000000070de00000, 0x000000070de00000, 0x000000070df00000|  0%| F|  |TAMS 0x000000070de00000, 0x000000070de00000| Untracked 
| 197|0x000000070df00000, 0x000000070df00000, 0x000000070e000000|  0%| F|  |TAMS 0x000000070df00000, 0x000000070df00000| Untracked 
| 198|0x000000070e000000, 0x000000070e000000, 0x000000070e100000|  0%| F|  |TAMS 0x000000070e000000, 0x000000070e000000| Untracked 
| 199|0x000000070e100000, 0x000000070e100000, 0x000000070e200000|  0%| F|  |TAMS 0x000000070e100000, 0x000000070e100000| Untracked 
| 200|0x000000070e200000, 0x000000070e200000, 0x000000070e300000|  0%| F|  |TAMS 0x000000070e200000, 0x000000070e200000| Untracked 
| 201|0x000000070e300000, 0x000000070e300000, 0x000000070e400000|  0%| F|  |TAMS 0x000000070e300000, 0x000000070e300000| Untracked 
| 202|0x000000070e400000, 0x000000070e400000, 0x000000070e500000|  0%| F|  |TAMS 0x000000070e400000, 0x000000070e400000| Untracked 
| 203|0x000000070e500000, 0x000000070e500000, 0x000000070e600000|  0%| F|  |TAMS 0x000000070e500000, 0x000000070e500000| Untracked 
| 204|0x000000070e600000, 0x000000070e600000, 0x000000070e700000|  0%| F|  |TAMS 0x000000070e600000, 0x000000070e600000| Untracked 
| 205|0x000000070e700000, 0x000000070e700000, 0x000000070e800000|  0%| F|  |TAMS 0x000000070e700000, 0x000000070e700000| Untracked 
| 206|0x000000070e800000, 0x000000070e800000, 0x000000070e900000|  0%| F|  |TAMS 0x000000070e800000, 0x000000070e800000| Untracked 
| 207|0x000000070e900000, 0x000000070e900000, 0x000000070ea00000|  0%| F|  |TAMS 0x000000070e900000, 0x000000070e900000| Untracked 
| 208|0x000000070ea00000, 0x000000070ea00000, 0x000000070eb00000|  0%| F|  |TAMS 0x000000070ea00000, 0x000000070ea00000| Untracked 
| 209|0x000000070eb00000, 0x000000070eb00000, 0x000000070ec00000|  0%| F|  |TAMS 0x000000070eb00000, 0x000000070eb00000| Untracked 
| 210|0x000000070ec00000, 0x000000070ec00000, 0x000000070ed00000|  0%| F|  |TAMS 0x000000070ec00000, 0x000000070ec00000| Untracked 
| 211|0x000000070ed00000, 0x000000070ed00000, 0x000000070ee00000|  0%| F|  |TAMS 0x000000070ed00000, 0x000000070ed00000| Untracked 
| 212|0x000000070ee00000, 0x000000070ee00000, 0x000000070ef00000|  0%| F|  |TAMS 0x000000070ee00000, 0x000000070ee00000| Untracked 
| 213|0x000000070ef00000, 0x000000070ef00000, 0x000000070f000000|  0%| F|  |TAMS 0x000000070ef00000, 0x000000070ef00000| Untracked 
| 214|0x000000070f000000, 0x000000070f000000, 0x000000070f100000|  0%| F|  |TAMS 0x000000070f000000, 0x000000070f000000| Untracked 
| 215|0x000000070f100000, 0x000000070f100000, 0x000000070f200000|  0%| F|  |TAMS 0x000000070f100000, 0x000000070f100000| Untracked 
| 216|0x000000070f200000, 0x000000070f200000, 0x000000070f300000|  0%| F|  |TAMS 0x000000070f200000, 0x000000070f200000| Untracked 
| 217|0x000000070f300000, 0x000000070f300000, 0x000000070f400000|  0%| F|  |TAMS 0x000000070f300000, 0x000000070f300000| Untracked 
| 218|0x000000070f400000, 0x000000070f400000, 0x000000070f500000|  0%| F|  |TAMS 0x000000070f400000, 0x000000070f400000| Untracked 
| 219|0x000000070f500000, 0x000000070f500000, 0x000000070f600000|  0%| F|  |TAMS 0x000000070f500000, 0x000000070f500000| Untracked 
| 220|0x000000070f600000, 0x000000070f600000, 0x000000070f700000|  0%| F|  |TAMS 0x000000070f600000, 0x000000070f600000| Untracked 
| 221|0x000000070f700000, 0x000000070f700000, 0x000000070f800000|  0%| F|  |TAMS 0x000000070f700000, 0x000000070f700000| Untracked 
| 222|0x000000070f800000, 0x000000070f800000, 0x000000070f900000|  0%| F|  |TAMS 0x000000070f800000, 0x000000070f800000| Untracked 
| 223|0x000000070f900000, 0x000000070f900000, 0x000000070fa00000|  0%| F|  |TAMS 0x000000070f900000, 0x000000070f900000| Untracked 
| 224|0x000000070fa00000, 0x000000070fa00000, 0x000000070fb00000|  0%| F|  |TAMS 0x000000070fa00000, 0x000000070fa00000| Untracked 
| 225|0x000000070fb00000, 0x000000070fb00000, 0x000000070fc00000|  0%| F|  |TAMS 0x000000070fb00000, 0x000000070fb00000| Untracked 
| 226|0x000000070fc00000, 0x000000070fc00000, 0x000000070fd00000|  0%| F|  |TAMS 0x000000070fc00000, 0x000000070fc00000| Untracked 
| 227|0x000000070fd00000, 0x000000070fd00000, 0x000000070fe00000|  0%| F|  |TAMS 0x000000070fd00000, 0x000000070fd00000| Untracked 
| 228|0x000000070fe00000, 0x000000070fe00000, 0x000000070ff00000|  0%| F|  |TAMS 0x000000070fe00000, 0x000000070fe00000| Untracked 
| 229|0x000000070ff00000, 0x000000070ff00000, 0x0000000710000000|  0%| F|  |TAMS 0x000000070ff00000, 0x000000070ff00000| Untracked 
| 230|0x0000000710000000, 0x0000000710000000, 0x0000000710100000|  0%| F|  |TAMS 0x0000000710000000, 0x0000000710000000| Untracked 
| 231|0x0000000710100000, 0x0000000710100000, 0x0000000710200000|  0%| F|  |TAMS 0x0000000710100000, 0x0000000710100000| Untracked 
| 232|0x0000000710200000, 0x0000000710200000, 0x0000000710300000|  0%| F|  |TAMS 0x0000000710200000, 0x0000000710200000| Untracked 
| 233|0x0000000710300000, 0x0000000710300000, 0x0000000710400000|  0%| F|  |TAMS 0x0000000710300000, 0x0000000710300000| Untracked 
| 234|0x0000000710400000, 0x0000000710400000, 0x0000000710500000|  0%| F|  |TAMS 0x0000000710400000, 0x0000000710400000| Untracked 
| 235|0x0000000710500000, 0x0000000710500000, 0x0000000710600000|  0%| F|  |TAMS 0x0000000710500000, 0x0000000710500000| Untracked 
| 236|0x0000000710600000, 0x0000000710600000, 0x0000000710700000|  0%| F|  |TAMS 0x0000000710600000, 0x0000000710600000| Untracked 
| 237|0x0000000710700000, 0x0000000710700000, 0x0000000710800000|  0%| F|  |TAMS 0x0000000710700000, 0x0000000710700000| Untracked 
| 238|0x0000000710800000, 0x0000000710800000, 0x0000000710900000|  0%| F|  |TAMS 0x0000000710800000, 0x0000000710800000| Untracked 
| 239|0x0000000710900000, 0x0000000710900000, 0x0000000710a00000|  0%| F|  |TAMS 0x0000000710900000, 0x0000000710900000| Untracked 
| 240|0x0000000710a00000, 0x0000000710a00000, 0x0000000710b00000|  0%| F|  |TAMS 0x0000000710a00000, 0x0000000710a00000| Untracked 
| 241|0x0000000710b00000, 0x0000000710b00000, 0x0000000710c00000|  0%| F|  |TAMS 0x0000000710b00000, 0x0000000710b00000| Untracked 
| 242|0x0000000710c00000, 0x0000000710c00000, 0x0000000710d00000|  0%| F|  |TAMS 0x0000000710c00000, 0x0000000710c00000| Untracked 
| 243|0x0000000710d00000, 0x0000000710d00000, 0x0000000710e00000|  0%| F|  |TAMS 0x0000000710d00000, 0x0000000710d00000| Untracked 
| 244|0x0000000710e00000, 0x0000000710f00000, 0x0000000710f00000|100%| S|CS|TAMS 0x0000000710e00000, 0x0000000710e00000| Complete 
| 245|0x0000000710f00000, 0x0000000711000000, 0x0000000711000000|100%| S|CS|TAMS 0x0000000710f00000, 0x0000000710f00000| Complete 
| 246|0x0000000711000000, 0x0000000711000000, 0x0000000711100000|  0%| F|  |TAMS 0x0000000711000000, 0x0000000711000000| Untracked 
| 247|0x0000000711100000, 0x0000000711100000, 0x0000000711200000|  0%| F|  |TAMS 0x0000000711100000, 0x0000000711100000| Untracked 
| 248|0x0000000711200000, 0x00000007112b6aa0, 0x0000000711300000| 71%| E|  |TAMS 0x0000000711200000, 0x0000000711200000| Complete 
| 249|0x0000000711300000, 0x0000000711400000, 0x0000000711400000|100%| E|CS|TAMS 0x0000000711300000, 0x0000000711300000| Complete 
| 250|0x0000000711400000, 0x0000000711500000, 0x0000000711500000|100%| E|CS|TAMS 0x0000000711400000, 0x0000000711400000| Complete 
| 251|0x0000000711500000, 0x0000000711600000, 0x0000000711600000|100%| E|CS|TAMS 0x0000000711500000, 0x0000000711500000| Complete 
| 252|0x0000000711600000, 0x0000000711700000, 0x0000000711700000|100%| E|CS|TAMS 0x0000000711600000, 0x0000000711600000| Complete 
| 253|0x0000000711700000, 0x0000000711800000, 0x0000000711800000|100%| E|CS|TAMS 0x0000000711700000, 0x0000000711700000| Complete 
| 254|0x0000000711800000, 0x0000000711900000, 0x0000000711900000|100%| E|CS|TAMS 0x0000000711800000, 0x0000000711800000| Complete 
| 255|0x0000000711900000, 0x0000000711a00000, 0x0000000711a00000|100%| E|CS|TAMS 0x0000000711900000, 0x0000000711900000| Complete 

Card table byte_map: [0x0000017130930000,0x0000017131130000] _byte_map_base: 0x000001712d123000

Marking Bits (Prev, Next): (CMBitMap*) 0x0000017118e90c18, (CMBitMap*) 0x0000017118e90c50
 Prev Bits: [0x0000017131930000, 0x00000171358c8000)
 Next Bits: [0x00000171358d0000, 0x0000017139868000)

Polling page: 0x0000017118560000

Metaspace:

Usage:
  Non-class:     11.70 MB capacity,    11.46 MB ( 98%) used,   214.76 KB (  2%) free+waste,    30.88 KB ( <1%) overhead. 
      Class:      1.47 MB capacity,     1.34 MB ( 91%) used,   119.85 KB (  8%) free+waste,    15.31 KB (  1%) overhead. 
       Both:     13.17 MB capacity,    12.80 MB ( 97%) used,   334.61 KB (  2%) free+waste,    46.19 KB ( <1%) overhead. 

Virtual space:
  Non-class space:       12.00 MB reserved,      11.75 MB ( 98%) committed 
      Class space:        1.00 GB reserved,       1.50 MB ( <1%) committed 
             Both:        1.01 GB reserved,      13.25 MB (  1%) committed 

Chunk freelists:
   Non-Class:  6.00 KB
       Class:  0 bytes
        Both:  6.00 KB

CodeHeap 'non-profiled nmethods': size=238912Kb used=1809Kb max_used=1809Kb free=237102Kb
 bounds [0x00000171217e0000, 0x0000017121a50000, 0x0000017130130000]
CodeHeap 'non-nmethods': size=6848Kb used=1676Kb max_used=1676Kb free=5172Kb
 bounds [0x0000017121130000, 0x00000171213a0000, 0x00000171217e0000]
 total_blobs=1658 nmethods=1234 adapters=332
 compilation: enabled
              stopped_count=0, restarted_count=0
 full_count=0

Compilation events (10 events):
Event: 3.547 Thread 0x000001713d85e800 nmethod 1147 0x0000017121977590 code [0x00000171219777a0, 0x0000017121977d00]
Event: 3.547 Thread 0x000001713d85e800 1148       1       java.io.DataInputStream::readUTF (5 bytes)
Event: 3.547 Thread 0x000001713d85e800 nmethod 1148 0x0000017121977f10 code [0x00000171219780c0, 0x00000171219781f0]
Event: 3.547 Thread 0x000001713d85e800 1149       1       java.io.DataInputStream::readUnsignedShort (39 bytes)
Event: 3.548 Thread 0x000001713c698000 nmethod 1145 0x0000017121978290 code [0x0000017121978620, 0x0000017121979920]
Event: 3.548 Thread 0x000001713d85e800 nmethod 1149 0x000001712197a310 code [0x000001712197a4e0, 0x000001712197a6d0]
Event: 3.548 Thread 0x000001713c698000 1151       1       java.io.DataInputStream::readShort (40 bytes)
Event: 3.548 Thread 0x000001713d85e800 1152       1       java.io.DataInputStream::readFully (9 bytes)
Event: 3.548 Thread 0x000001713d85e800 nmethod 1152 0x000001712197a810 code [0x000001712197a9c0, 0x000001712197ab10]
Event: 3.548 Thread 0x000001713c698000 nmethod 1151 0x000001712197ac10 code [0x000001712197ade0, 0x000001712197aff0]

GC Heap History (4 events):
Event: 1.228 GC heap before
{Heap before GC invocations=0 (full 0):
 garbage-first heap   total 262144K, used 14336K [0x0000000701a00000, 0x0000000800000000)
  region size 1024K, 14 young (14336K), 0 survivors (0K)
 Metaspace       used 6085K, capacity 6162K, committed 6272K, reserved 1056768K
  class space    used 540K, capacity 567K, committed 640K, reserved 1048576K
}
Event: 1.235 GC heap after
{Heap after GC invocations=1 (full 0):
 garbage-first heap   total 262144K, used 11755K [0x0000000701a00000, 0x0000000800000000)
  region size 1024K, 2 young (2048K), 2 survivors (2048K)
 Metaspace       used 6085K, capacity 6162K, committed 6272K, reserved 1056768K
  class space    used 540K, capacity 567K, committed 640K, reserved 1048576K
}
Event: 1.524 GC heap before
{Heap before GC invocations=1 (full 0):
 garbage-first heap   total 262144K, used 20971K [0x0000000701a00000, 0x0000000800000000)
  region size 1024K, 12 young (12288K), 2 survivors (2048K)
 Metaspace       used 8835K, capacity 8992K, committed 9216K, reserved 1056768K
  class space    used 897K, capacity 963K, committed 1024K, reserved 1048576K
}
Event: 1.530 GC heap after
{Heap after GC invocations=2 (full 0):
 garbage-first heap   total 262144K, used 19140K [0x0000000701a00000, 0x0000000800000000)
  region size 1024K, 2 young (2048K), 2 survivors (2048K)
 Metaspace       used 8835K, capacity 8992K, committed 9216K, reserved 1056768K
  class space    used 897K, capacity 963K, committed 1024K, reserved 1048576K
}

Deoptimization events (0 events):
No events

Classes redefined (0 events):
No events

Internal exceptions (10 events):
Event: 1.449 Thread 0x0000017118e2b000 Exception <a 'java/lang/NoSuchMethodError'{0x00000007111b4448}: java.lang.invoke.DirectMethodHandle$Holder.invokeStatic(Ljava/lang/Object;Ljava/lang/Object;Ljava/lang/Object;Ljava/lang/Object;Ljava/lang/Object;Ljava/lang/Object;Ljava/lang/Object;Ljava/lan
Event: 1.602 Thread 0x0000017118e2b000 Exception <a 'java/lang/NoSuchMethodError'{0x00000007119bc420}: java.lang.invoke.DirectMethodHandle$Holder.invokeSpecialIFC(Ljava/lang/Object;Ljava/lang/Object;Ljava/lang/Object;)I> (0x00000007119bc420) thrown at [t:/workspace/open/src/hotspot/share/inter
Event: 1.632 Thread 0x0000017118e2b000 Exception <a 'java/lang/NoSuchMethodError'{0x0000000711841888}: java.lang.invoke.DirectMethodHandle$Holder.invokeStatic(Ljava/lang/Object;IIII)Ljava/lang/Object;> (0x0000000711841888) thrown at [t:/workspace/open/src/hotspot/share/interpreter/linkResolver
Event: 1.632 Thread 0x0000017118e2b000 Exception <a 'java/lang/NoSuchMethodError'{0x00000007118449a0}: java.lang.invoke.DirectMethodHandle$Holder.invokeStaticInit(Ljava/lang/Object;IIII)Ljava/lang/Object;> (0x00000007118449a0) thrown at [t:/workspace/open/src/hotspot/share/interpreter/linkReso
Event: 3.381 Thread 0x0000017118e2b000 Exception <a 'java/lang/NoSuchMethodError'{0x00000007117130b8}: java.lang.invoke.DirectMethodHandle$Holder.invokeStatic(Ljava/lang/Object;Ljava/lang/Object;IIII)Ljava/lang/Object;> (0x00000007117130b8) thrown at [t:/workspace/open/src/hotspot/share/interp
Event: 3.381 Thread 0x0000017118e2b000 Exception <a 'java/lang/NoSuchMethodError'{0x0000000711716400}: java.lang.invoke.DirectMethodHandle$Holder.invokeStaticInit(Ljava/lang/Object;Ljava/lang/Object;IIII)Ljava/lang/Object;> (0x0000000711716400) thrown at [t:/workspace/open/src/hotspot/share/in
Event: 3.408 Thread 0x0000017118e2b000 Exception <a 'java/lang/ClassNotFoundException'{0x0000000711733c18}: javax/management/remote/rmi/RMIServerImpl_Skel> (0x0000000711733c18) thrown at [t:/workspace/open/src/hotspot/share/classfile/systemDictionary.cpp, line 231]
Event: 3.466 Thread 0x0000017118e2b000 Exception <a 'java/lang/ClassNotFoundException'{0x0000000711613f88}: jdk/internal/agent/resources/spi/agentProvider> (0x0000000711613f88) thrown at [t:/workspace/open/src/hotspot/share/classfile/systemDictionary.cpp, line 231]
Event: 3.477 Thread 0x0000017118e2b000 Exception <a 'java/lang/NoSuchMethodError'{0x000000071166a0c0}: java.lang.invoke.DirectMethodHandle$Holder.invokeStatic(Ljava/lang/Object;Ljava/lang/Object;Ljava/lang/Object;Ljava/lang/Object;Ljava/lang/Object;Ljava/lang/Object;Ljava/lang/Object;Ljava/lan
Event: 3.479 Thread 0x0000017118e2b000 Exception <a 'java/lang/NoSuchMethodError'{0x0000000711676a80}: java.lang.invoke.DirectMethodHandle$Holder.invokeStatic(Ljava/lang/Object;Ljava/lang/Object;Ljava/lang/Object;Ljava/lang/Object;Ljava/lang/Object;Ljava/lang/Object;Ljava/lang/Object;Ljava/lan

Events (10 events):
Event: 3.537 loading class sun/util/calendar/ZoneInfoFile
Event: 3.538 loading class sun/util/calendar/ZoneInfoFile done
Event: 3.538 loading class sun/util/calendar/ZoneInfoFile$1
Event: 3.538 loading class sun/util/calendar/ZoneInfoFile$1 done
Event: 3.538 loading class java/io/DataInputStream
Event: 3.539 loading class java/io/DataInputStream done
Event: 3.544 loading class sun/security/provider/PolicyParser
Event: 3.545 loading class sun/security/provider/PolicyParser done
Event: 3.545 loading class java/io/StreamTokenizer
Event: 3.548 loading class java/io/StreamTokenizer done


Dynamic libraries:
0x00007ff6c1ce0000 - 0x00007ff6c1d25000 	C:\Program Files\Java\jdk-11.0.2\bin\javaw.exe
0x00007fff680d0000 - 0x00007fff682c5000 	C:\WINDOWS\SYSTEM32\ntdll.dll
0x00007fff66cf0000 - 0x00007fff66dad000 	C:\WINDOWS\System32\KERNEL32.DLL
0x00007fff65e70000 - 0x00007fff66137000 	C:\WINDOWS\System32\KERNELBASE.dll
0x00007fff63110000 - 0x00007fff631a0000 	C:\WINDOWS\SYSTEM32\apphelp.dll
0x00007fff66f70000 - 0x00007fff67110000 	C:\WINDOWS\System32\USER32.dll
0x00007fff65920000 - 0x00007fff65942000 	C:\WINDOWS\System32\win32u.dll
0x00007fff67410000 - 0x00007fff6743a000 	C:\WINDOWS\System32\GDI32.dll
0x00007fff65ab0000 - 0x00007fff65bba000 	C:\WINDOWS\System32\gdi32full.dll
0x00007fff65c70000 - 0x00007fff65d0d000 	C:\WINDOWS\System32\msvcp_win.dll
0x00007fff65820000 - 0x00007fff65920000 	C:\WINDOWS\System32\ucrtbase.dll
0x00007fff4ea90000 - 0x00007fff4ed2a000 	C:\WINDOWS\WinSxS\amd64_microsoft.windows.common-controls_6595b64144ccf1df_6.0.19041.1_none_b555e41d4684ddec\COMCTL32.dll
0x00007fff67f50000 - 0x00007fff67fee000 	C:\WINDOWS\System32\msvcrt.dll
0x00007fff673e0000 - 0x00007fff67410000 	C:\WINDOWS\System32\IMM32.DLL
0x00007fff60480000 - 0x00007fff60496000 	C:\Program Files\Java\jdk-11.0.2\bin\vcruntime140.dll
0x00007fff06790000 - 0x00007fff0683a000 	C:\Program Files\Java\jdk-11.0.2\bin\msvcp140.dll
0x00007ffed87f0000 - 0x00007ffed9313000 	C:\Program Files\Java\jdk-11.0.2\bin\server\jvm.dll
0x00007fff667a0000 - 0x00007fff6684a000 	C:\WINDOWS\System32\ADVAPI32.dll
0x00007fff67ff0000 - 0x00007fff6808b000 	C:\WINDOWS\System32\sechost.dll
0x00007fff66bc0000 - 0x00007fff66ce3000 	C:\WINDOWS\System32\RPCRT4.dll
0x00007fff66eb0000 - 0x00007fff66eb8000 	C:\WINDOWS\System32\PSAPI.DLL
0x00007fff54510000 - 0x00007fff54519000 	C:\WINDOWS\SYSTEM32\WSOCK32.dll
0x00007fff67ee0000 - 0x00007fff67f4b000 	C:\WINDOWS\System32\WS2_32.dll
0x00007fff53bd0000 - 0x00007fff53bf7000 	C:\WINDOWS\SYSTEM32\WINMM.dll
0x00007fff5a7c0000 - 0x00007fff5a7ca000 	C:\WINDOWS\SYSTEM32\VERSION.dll
0x00007fff636c0000 - 0x00007fff636d3000 	C:\WINDOWS\SYSTEM32\kernel.appcore.dll
0x00007fff582c0000 - 0x00007fff582d1000 	C:\Program Files\Java\jdk-11.0.2\bin\verify.dll
0x00007fff54630000 - 0x00007fff54814000 	C:\WINDOWS\SYSTEM32\DBGHELP.DLL
0x00007fff53ba0000 - 0x00007fff53bcc000 	C:\WINDOWS\SYSTEM32\dbgcore.DLL
0x00007fff65980000 - 0x00007fff659ff000 	C:\WINDOWS\System32\bcryptPrimitives.dll
0x00007fff58290000 - 0x00007fff582b8000 	C:\Program Files\Java\jdk-11.0.2\bin\java.dll
0x00007fff57f40000 - 0x00007fff57f56000 	C:\Program Files\Java\jdk-11.0.2\bin\zip.dll
0x00007fff60470000 - 0x00007fff6047a000 	C:\Program Files\Java\jdk-11.0.2\bin\jimage.dll
0x00007fff677a0000 - 0x00007fff67ee0000 	C:\WINDOWS\System32\SHELL32.dll
0x00007fff639a0000 - 0x00007fff64131000 	C:\WINDOWS\SYSTEM32\windows.storage.dll
0x00007fff67440000 - 0x00007fff67793000 	C:\WINDOWS\System32\combase.dll
0x00007fff651d0000 - 0x00007fff651fc000 	C:\WINDOWS\SYSTEM32\Wldp.dll
0x00007fff66ec0000 - 0x00007fff66f6e000 	C:\WINDOWS\System32\SHCORE.dll
0x00007fff67110000 - 0x00007fff67165000 	C:\WINDOWS\System32\shlwapi.dll
0x00007fff65760000 - 0x00007fff6577f000 	C:\WINDOWS\SYSTEM32\profapi.dll
0x00007fff57ed0000 - 0x00007fff57ee9000 	C:\Program Files\Java\jdk-11.0.2\bin\net.dll
0x00007fff57ab0000 - 0x00007fff57bb0000 	C:\WINDOWS\SYSTEM32\WINHTTP.dll
0x00007fff578c0000 - 0x00007fff57aad000 	C:\WINDOWS\SYSTEM32\urlmon.dll
0x00007fff59c60000 - 0x00007fff59f0f000 	C:\WINDOWS\SYSTEM32\iertutil.dll
0x00007fff64f50000 - 0x00007fff64fba000 	C:\WINDOWS\system32\mswsock.dll
0x00007fff42020000 - 0x00007fff42033000 	C:\Program Files\Java\jdk-11.0.2\bin\nio.dll
0x00007fff57f30000 - 0x00007fff57f39000 	C:\Program Files\Java\jdk-11.0.2\bin\management.dll
0x00007fff57f00000 - 0x00007fff57f0c000 	C:\Program Files\Java\jdk-11.0.2\bin\management_ext.dll
0x00007fff4d060000 - 0x00007fff4d077000 	C:\WINDOWS\system32\napinsp.dll
0x00007fff503f0000 - 0x00007fff5040b000 	C:\WINDOWS\system32\pnrpnsp.dll
0x00007fff60550000 - 0x00007fff60565000 	C:\WINDOWS\system32\wshbth.dll
0x00007fff60f90000 - 0x00007fff60fad000 	C:\WINDOWS\system32\NLAapi.dll
0x00007fff64c40000 - 0x00007fff64c7b000 	C:\WINDOWS\SYSTEM32\IPHLPAPI.DLL
0x00007fff64c80000 - 0x00007fff64d4a000 	C:\WINDOWS\SYSTEM32\DNSAPI.dll
0x00007fff66140000 - 0x00007fff66149000 	C:\WINDOWS\System32\NSI.dll
0x00007fff4cd60000 - 0x00007fff4cd72000 	C:\WINDOWS\System32\winrnr.dll
0x00007fff56ea0000 - 0x00007fff56eaa000 	C:\Windows\System32\rasadhlp.dll
0x00007fff5fac0000 - 0x00007fff5fb3f000 	C:\WINDOWS\System32\fwpuclnt.dll
0x00007fff65950000 - 0x00007fff65977000 	C:\WINDOWS\System32\bcrypt.dll
0x00007fff65120000 - 0x00007fff65138000 	C:\WINDOWS\SYSTEM32\CRYPTSP.dll
0x00007fff648e0000 - 0x00007fff64914000 	C:\WINDOWS\system32\rsaenh.dll
0x00007fff65720000 - 0x00007fff6574e000 	C:\WINDOWS\SYSTEM32\USERENV.dll
0x00007fff65140000 - 0x00007fff6514c000 	C:\WINDOWS\SYSTEM32\CRYPTBASE.dll
0x00007fff5f590000 - 0x00007fff5f5a7000 	C:\WINDOWS\SYSTEM32\dhcpcsvc6.DLL
0x00007fff5ee30000 - 0x00007fff5ee4d000 	C:\WINDOWS\SYSTEM32\dhcpcsvc.DLL

dbghelp: loaded successfully - version: 4.0.5 - missing functions: none
symbol engine: initialized successfully - sym options: 0x614 - pdb path: .;C:\Program Files\Java\jdk-11.0.2\bin;C:\WINDOWS\SYSTEM32;C:\WINDOWS\WinSxS\amd64_microsoft.windows.common-controls_6595b64144ccf1df_6.0.19041.1_none_b555e41d4684ddec;C:\Program Files\Java\jdk-11.0.2\bin\server

VM Arguments:
jvm_args: -Dcom.sun.management.jmxremote -Dcom.sun.management.jmxremote.port=49920 -Dcom.sun.management.jmxremote.authenticate=false -Dcom.sun.management.jmxremote.ssl=false -Djava.rmi.server.hostname=localhost -Dspring.jmx.enabled=true -Dspring.application.admin.enabled=true -Xverify:none -XX:TieredStopAtLevel=1 -Dspring.boot.project.name=industrial -Dfile.encoding=UTF-8 
java_command: br.com.viatekbrasil.industrial.IndustrialApplication --spring.output.ansi.enabled=always
java_class_path (initial): C:\Git\Programacao\Java\ws-sts\industrial\target\classes;C:\Users\sandro.lima\.m2\repository\org\springframework\boot\spring-boot-starter-web\2.3.4.RELEASE\spring-boot-starter-web-2.3.4.RELEASE.jar;C:\Users\sandro.lima\.m2\repository\org\springframework\boot\spring-boot-starter\2.3.4.RELEASE\spring-boot-starter-2.3.4.RELEASE.jar;C:\Users\sandro.lima\.m2\repository\org\springframework\boot\spring-boot-starter-logging\2.3.4.RELEASE\spring-boot-starter-logging-2.3.4.RELEASE.jar;C:\Users\sandro.lima\.m2\repository\ch\qos\logback\logback-classic\1.2.3\logback-classic-1.2.3.jar;C:\Users\sandro.lima\.m2\repository\ch\qos\logback\logback-core\1.2.3\logback-core-1.2.3.jar;C:\Users\sandro.lima\.m2\repository\org\apache\logging\log4j\log4j-to-slf4j\2.13.3\log4j-to-slf4j-2.13.3.jar;C:\Users\sandro.lima\.m2\repository\org\apache\logging\log4j\log4j-api\2.13.3\log4j-api-2.13.3.jar;C:\Users\sandro.lima\.m2\repository\org\slf4j\jul-to-slf4j\1.7.30\jul-to-slf4j-1.7.30.jar;C:\Users\sandro.lima\.m2\repository\jakarta\annotation\jakarta.annotation-api\1.3.5\jakarta.annotation-api-1.3.5.jar;C:\Users\sandro.lima\.m2\repository\org\yaml\snakeyaml\1.26\snakeyaml-1.26.jar;C:\Users\sandro.lima\.m2\repository\org\springframework\boot\spring-boot-starter-json\2.3.4.RELEASE\spring-boot-starter-json-2.3.4.RELEASE.jar;C:\Users\sandro.lima\.m2\repository\com\fasterxml\jackson\datatype\jackson-datatype-jdk8\2.11.2\jackson-datatype-jdk8-2.11.2.jar;C:\Users\sandro.lima\.m2\repository\com\fasterxml\jackson\datatype\jackson-datatype-jsr310\2.11.2\jackson-datatype-jsr310-2.11.2.jar;C:\Users\sandro.lima\.m2\repository\com\fasterxml\jackson\module\jackson-module-parameter-names\2.11.2\jackson-module-parameter-names-2.11.2.jar;C:\Users\sandro.lima\.m2\repository\org\springframework\boot\spring-boot-starter-tomcat\2.3.4.RELEASE\spring-boot-starter-tomcat-2.3.4.RELEASE.jar;C:\Users\sandro.lima\.m2\repository\org\apache\tomcat\embed\tomcat-embed-core\9.0.38\tomcat-embed-core-9.0.3
Launcher Type: SUN_STANDARD

[Global flags]
     bool BytecodeVerificationLocal                = false                                     {product} {command line}
     bool BytecodeVerificationRemote               = false                                     {product} {command line}
     intx CICompilerCount                          = 3                                         {product} {ergonomic}
     uint ConcGCThreads                            = 1                                         {product} {ergonomic}
     uint G1ConcRefinementThreads                  = 4                                         {product} {ergonomic}
   size_t G1HeapRegionSize                         = 1048576                                   {product} {ergonomic}
    uintx GCDrainStackTargetSize                   = 64                                        {product} {ergonomic}
   size_t InitialHeapSize                          = 268435456                                 {product} {ergonomic}
     bool ManagementServer                         = true                                      {product} {command line}
   size_t MarkStackSize                            = 4194304                                   {product} {ergonomic}
   size_t MaxHeapSize                              = 4267704320                                {product} {ergonomic}
   size_t MaxNewSize                               = 2560622592                                {product} {ergonomic}
   size_t MinHeapDeltaBytes                        = 1048576                                   {product} {ergonomic}
    uintx NonNMethodCodeHeapSize                   = 6973028                                {pd product} {ergonomic}
    uintx NonProfiledCodeHeapSize                  = 244685212                              {pd product} {ergonomic}
    uintx ProfiledCodeHeapSize                     = 0                                      {pd product} {ergonomic}
    uintx ReservedCodeCacheSize                    = 251658240                              {pd product} {ergonomic}
     bool SegmentedCodeCache                       = true                                      {product} {ergonomic}
     intx TieredStopAtLevel                        = 1                                         {product} {command line}
     bool UseCompressedClassPointers               = true                                 {lp64_product} {ergonomic}
     bool UseCompressedOops                        = true                                 {lp64_product} {ergonomic}
     bool UseG1GC                                  = true                                      {product} {ergonomic}
     bool UseLargePagesIndividualAllocation        = false                                  {pd product} {ergonomic}

Logging:
Log output configuration:
 #0: stdout all=warning uptime,level,tags
 #1: stderr all=off uptime,level,tags

Environment Variables:
JAVA_HOME=C:\Program Files\Java\jdk-11.0.6
PATH=C:/Program Files/Java/jdk-11.0.6/bin/server;C:/Program Files/Java/jdk-11.0.6/bin;C:\Program Files (x86)\Common Files\Intel\Shared Files\cpp\bin\Intel64;C:\ProgramData\Oracle\Java\javapath;C:\Program Files (x86)\Embarcadero\Studio\20.0\bin;C:\Users\Public\Documents\Embarcadero\Studio\20.0\Bpl;C:\Program Files (x86)\Embarcadero\Studio\20.0\bin64;C:\Users\Public\Documents\Embarcadero\Studio\20.0\Bpl\Win64;C:\Program Files (x86)\Falcon\MinGW\bin;C:\WINDOWS\system32;C:\WINDOWS;C:\WINDOWS\System32\Wbem;C:\WINDOWS\System32\WindowsPowerShell\v1.0\;C:\WINDOWS\System32\OpenSSH\;C:\Program Files\Microsoft SQL Server\Client SDK\ODBC\130\Tools\Binn\;C:\Program Files\dotnet\;C:\Program Files\Microsoft SQL Server\Client SDK\ODBC\170\Tools\Binn\;C:\Program Files\Java\jdk-11.0.6\bin;C:\Program Files\Git\cmd;C:\Program Files (x86)\Windows Kits\10\Windows Performance Toolkit\;C:\Program Files (x86)\Java\jre7\bin;C:\Users\sandro.lima\AppData\Local\Programs\Python\Python38-32\Scripts;C:\Program Files (x86)\Microsoft SQL Server\150\DTS\Binn\;C:\Program Files\PuTTY\;C:\Program Files\MongoDB\Server\4.4\bin;C:\Program Files (x86)\Microsoft SQL Server\150\Tools\Binn\;C:\Program Files\Microsoft SQL Server\150\Tools\Binn\;C:\Program Files\Microsoft SQL Server\150\DTS\Binn\;C:\xampp\mysql\bin;C:\Users\sandro.lima\AppData\Local\Programs\Python\Python38-32\Scripts\;C:\Users\sandro.lima\AppData\Local\Programs\Python\Python38-32\;C:\Users\sandro.lima\AppData\Local\Microsoft\WindowsApps;C:\Users\sandro.lima\AppData\Local\GitHubDesktop\bin;C:\Users\sandro.lima\AppData\Local\Programs\Microsoft VS Code\bin;C:\Users\sandro.lima\AppData\Local\Microsoft\WindowsApps;C:\Program Files\heroku\bin;C:\sts-4.7.1.RELEASE;
USERNAME=sandro.lima
OS=Windows_NT
PROCESSOR_IDENTIFIER=Intel64 Family 6 Model 58 Stepping 9, GenuineIntel



---------------  S Y S T E M  ---------------

OS: Windows 10 , 64 bit Build 19041 (10.0.19041.292)

CPU:total 4 (initial active 4) (2 cores per cpu, 2 threads per core) family 6 model 58 stepping 9, cmov, cx8, fxsr, mmx, sse, sse2, sse3, ssse3, sse4.1, sse4.2, popcnt, avx, aes, clmul, erms, ht, tsc, tscinvbit, tscinv

Memory: 4k page, system-wide physical 16275M (6414M free)
TotalPageFile size 18707M (AvailPageFile size 2944M)
current process WorkingSet (physical memory assigned to process): 89M, peak: 89M
current process commit charge ("private bytes"): 352M, peak: 352M

vm_info: OpenJDK 64-Bit Server VM (11.0.2+9) for windows-amd64 JRE (11.0.2+9), built on Jan 18 2019 05:23:22 by "mach5one" with MS VC++ 15.5 (VS2017)

END.
